From https://github.com/sportsdataverse/cfbfastR-cfb-data
 * [new branch]      feat/adv-missing-datasets -> origin/feat/adv-missing-datasets
 * [new branch]      feat/cfb-era-vars-spread-backfill -> origin/feat/cfb-era-vars-spread-backfill
 * [new branch]      feat/cfb-model-suite-completion -> origin/feat/cfb-model-suite-completion
 * [new branch]      feat/cfb-ratings-builder -> origin/feat/cfb-ratings-builder
 * [new branch]      feat/cfb-ratings-cron -> origin/feat/cfb-ratings-cron
 * [new tag]         espn_cfb_adv_defensive -> espn_cfb_adv_defensive
 * [new tag]         espn_cfb_adv_drives   -> espn_cfb_adv_drives
 * [new tag]         espn_cfb_adv_passing  -> espn_cfb_adv_passing
 * [new tag]         espn_cfb_adv_receiving -> espn_cfb_adv_receiving
 * [new tag]         espn_cfb_adv_rushing  -> espn_cfb_adv_rushing
 * [new tag]         espn_cfb_adv_situational -> espn_cfb_adv_situational
 * [new tag]         espn_cfb_adv_team     -> espn_cfb_adv_team
 * [new tag]         espn_cfb_adv_turnover -> espn_cfb_adv_turnover
 * [new tag]         espn_cfb_betting      -> espn_cfb_betting
 * [new tag]         espn_cfb_drives       -> espn_cfb_drives
 * [new tag]         espn_cfb_injuries     -> espn_cfb_injuries
 * [new tag]         espn_cfb_linescores   -> espn_cfb_linescores
 * [new tag]         espn_cfb_pbp          -> espn_cfb_pbp
 * [new tag]         espn_cfb_play_participants -> espn_cfb_play_participants
 * [new tag]         espn_cfb_player_box   -> espn_cfb_player_box
 * [new tag]         espn_cfb_power_index  -> espn_cfb_power_index
 * [new tag]         espn_cfb_rosters      -> espn_cfb_rosters
 * [new tag]         espn_cfb_schedules    -> espn_cfb_schedules
 * [new tag]         espn_cfb_team_box     -> espn_cfb_team_box
pbp 2024: 162953 rows from 966 games
play_participants 2024: 151607 rows from 966 games
team_box 2024: 1932 rows from 966 games
player_box 2024: 78993 rows from 966 games
drives 2024: 22419 rows from 966 games
game_rosters 2024: 230344 rows from 966 games
betting 2024: 966 rows from 966 games
schedules 2024: 966 rows from 966 games
linescores 2024: 7862 rows from 966 games
power_index 2024: 1838 rows from 966 games
injuries 2024: 0 rows from 966 games
adv_team 2024: 1892 rows from 966 games
adv_passing 2024: 2905 rows from 966 games
adv_rushing 2024: 10481 rows from 966 games
adv_receiving 2024: 16032 rows from 966 games
adv_defensive 2024: 1892 rows from 966 games
adv_turnover 2024: 1892 rows from 966 games
adv_drives 2024: 1892 rows from 966 games
adv_situational 2024: 1892 rows from 966 games
rosters 2024: 27477 athlete-team rows (from 230344 game-roster rows)

── Processing 2024 season ──────────────────────────────────────────────────────
ℹ Downloading plays...
ℹ Downloading schedule...
Error in `map()`:
ℹ In index: 1.
Caused by error in `map()`:
ℹ In index: 1.
Caused by error:
! CollegeFootballData.com now requires an API key.
       See ?register_cfbd for details.
Backtrace:
     ▆
  1. ├─global main()
  2. │ └─purrr::walk(seasons, build_team_summaries_season)
  3. │   └─purrr::map(.x, .f, ..., .progress = .progress)
  4. │     └─purrr:::map_("list", .x, .f, ..., .progress = .progress)
  5. │       ├─purrr:::with_indexed_errors(...)
  6. │       │ └─base::withCallingHandlers(...)
  7. │       ├─purrr:::call_with_cleanup(...)
  8. │       └─global .f(.x[[i]], ...)
  9. │         └─cfbfastR::load_cfb_schedules(seasons = c(yr))
 10. │           └─purrr::map_dfr(seasons, progressively(cfbd_game_info, p = p)) at cfbfastR/R/load_cfb.R:30:3
 11. │             └─purrr::map(.x, .f, ...)
 12. │               └─purrr:::map_("list", .x, .f, ..., .progress = .progress)
 13. │                 ├─purrr:::with_indexed_errors(...)
 14. │                 │ └─base::withCallingHandlers(...)
 15. │                 ├─purrr:::call_with_cleanup(...)
 16. │                 └─cfbfastR (local) .f(.x[[i]], ...)
 17. │                   └─cfbfastR (local) f(...) at cfbfastR/R/utils.R:40:5
 18. │                     └─cfbfastR:::validate_api_key() at cfbfastR/R/cfbd_games.R:174:3
 19. │                       └─base::stop(...) at cfbfastR/R/utils.R:291:3
 20. └─base::.handleSimpleError(...)
 21.   └─purrr (local) h(simpleError(msg, call))
 22.     └─cli::cli_abort(...)
 23.       └─rlang::abort(...)
Execution halted
::warning ::team_summaries (R) for season 2024 exited with code 1
On branch main
Your branch is up to date with 'origin/main'.

nothing to commit, working tree clean
No changes to commit
Everything up-to-date
